<?xml version="1.0" encoding="UTF-8"?>
<testng-results ignored="0" total="1" passed="1" failed="0" skipped="0">
  <reporter-output>
  </reporter-output>
  <suite started-at="2024-01-08T09:51:29 EST" name="Default suite" finished-at="2024-01-08T09:51:29 EST" duration-ms="70">
    <groups>
    </groups>
    <test started-at="2024-01-08T09:51:29 EST" name="Default test" finished-at="2024-01-08T09:51:29 EST" duration-ms="70">
      <class name="TestNGLearning.ThruTextFile">
        <test-method signature="ThruTxtFileData()[pri:0, instance:TestNGLearning.ThruTextFile@10e92f8f]" started-at="2024-01-08T09:51:29 EST" name="ThruTxtFileData" finished-at="2024-01-08T09:51:29 EST" duration-ms="13" status="PASS">
          <reporter-output>
          </reporter-output>
        </test-method> <!-- ThruTxtFileData -->
      </class> <!-- TestNGLearning.ThruTextFile -->
    </test> <!-- Default test -->
  </suite> <!-- Default suite -->
</testng-results>
